<?xml version="1.0" encoding="UTF-8"?>
<testsuite name="vsu.cs.resizer.ImagesTests" tests="2" skipped="0" failures="0" errors="0" timestamp="2022-04-28T16:06:48" hostname="BEST-KOMP" time="0.068">
  <properties/>
  <testcase name="testPreviewsSizes()" classname="vsu.cs.resizer.ImagesTests" time="0.065"/>
  <testcase name="testFilesExistence()" classname="vsu.cs.resizer.ImagesTests" time="0.002"/>
  <system-out><![CDATA[]]></system-out>
  <system-err><![CDATA[]]></system-err>
</testsuite>
